This is pdfTeX, Version 3.141592653-2.6-1.40.23 (TeX Live 2021/W32TeX) (preloaded format=pdflatex 2022.2.21)  4 MAR 2022 10:26
entering extended mode
 restricted \write18 enabled.
 %&-line parsing enabled.
**acknowledge.tex
(./acknowledge.tex
LaTeX2e <2021-11-15> patch level 1
L3 programming layer <2022-02-05>)
! Emergency stop.
<*> acknowledge.tex
                   
*** (job aborted, no legal \end found)

 
Here is how much of TeX's memory you used:
 16 strings out of 478278
 406 string characters out of 5850546
 289192 words of memory out of 5000000
 18322 multiletter control sequences out of 15000+600000
 469259 words of font info for 28 fonts, out of 8000000 for 9000
 1141 hyphenation exceptions out of 8191
 13i,0n,12p,47b,10s stack positions out of 5000i,500n,10000p,200000b,80000s
!  ==> Fatal error occurred, no output PDF file produced!
